2017-10-20 17:33:18,724 [restartedMain] INFO  com.allometry.CondoralmApplication - Starting CondoralmApplication on NDS363 with PID 15644 (C:\Users\kuldeep.bisen\IdeaProjects\condoralm\target\classes started by kuldeep.bisen in C:\Users\kuldeep.bisen\IdeaProjects\condoralm)
2017-10-20 17:33:18,730 [restartedMain] INFO  com.allometry.CondoralmApplication - No active profile set, falling back to default profiles: default
2017-10-20 17:33:18,835 [restartedMain] INFO  o.s.b.c.e.AnnotationConfigEmbeddedWebApplicationContext - Refreshing org.springframework.boot.context.embedded.AnnotationConfigEmbeddedWebApplicationContext@49939504: startup date [Fri Oct 20 17:33:18 IST 2017]; root of context hierarchy
2017-10-20 17:33:19,406 [background-preinit] INFO  o.h.validator.internal.util.Version - HV000001: Hibernate Validator 5.3.5.Final
2017-10-20 17:33:22,953 [restartedMain] INFO  o.s.b.c.e.t.TomcatEmbeddedServletContainer - Tomcat initialized with port(s): 9091 (http)
2017-10-20 17:33:22,990 [restartedMain] INFO  o.a.catalina.core.StandardService - Starting service [Tomcat]
2017-10-20 17:33:22,993 [restartedMain] INFO  o.a.catalina.core.StandardEngine - Starting Servlet Engine: Apache Tomcat/8.5.15
2017-10-20 17:33:23,176 [localhost-startStop-1] INFO  o.a.c.c.C.[Tomcat].[localhost].[/] - Initializing Spring embedded WebApplicationContext
2017-10-20 17:33:23,178 [localhost-startStop-1] INFO  o.s.web.context.ContextLoader - Root WebApplicationContext: initialization completed in 4348 ms
2017-10-20 17:33:23,468 [localhost-startStop-1] INFO  o.s.b.w.s.ServletRegistrationBean - Mapping servlet: 'dispatcherServlet' to [/]
2017-10-20 17:33:23,477 [localhost-startStop-1] INFO  o.s.b.w.s.FilterRegistrationBean - Mapping filter: 'characterEncodingFilter' to: [/*]
2017-10-20 17:33:23,480 [localhost-startStop-1] INFO  o.s.b.w.s.FilterRegistrationBean - Mapping filter: 'hiddenHttpMethodFilter' to: [/*]
2017-10-20 17:33:23,481 [localhost-startStop-1] INFO  o.s.b.w.s.FilterRegistrationBean - Mapping filter: 'httpPutFormContentFilter' to: [/*]
2017-10-20 17:33:23,483 [localhost-startStop-1] INFO  o.s.b.w.s.FilterRegistrationBean - Mapping filter: 'requestContextFilter' to: [/*]
2017-10-20 17:33:24,162 [restartedMain] INFO  org.mongodb.driver.cluster - Cluster created with settings {hosts=[localhost:27017], mode=MULTIPLE, requiredClusterType=UNKNOWN, serverSelectionTimeout='30000 ms', maxWaitQueueSize=500}
2017-10-20 17:33:24,164 [restartedMain] INFO  org.mongodb.driver.cluster - Adding discovered server localhost:27017 to client view of cluster
2017-10-20 17:33:24,290 [cluster-ClusterId{value='59e9e60c6ee6a73d1ced5e49', description='null'}-localhost:27017] INFO  org.mongodb.driver.connection - Opened connection [connectionId{localValue:1, serverValue:9}] to localhost:27017
2017-10-20 17:33:24,295 [cluster-ClusterId{value='59e9e60c6ee6a73d1ced5e49', description='null'}-localhost:27017] INFO  org.mongodb.driver.cluster - Monitor thread successfully connected to server with description ServerDescription{address=localhost:27017, type=STANDALONE, state=CONNECTED, ok=true, version=ServerVersion{versionList=[3, 4, 6]}, minWireVersion=0, maxWireVersion=5, maxDocumentSize=16777216, roundTripTimeNanos=1011826}
2017-10-20 17:33:24,307 [cluster-ClusterId{value='59e9e60c6ee6a73d1ced5e49', description='null'}-localhost:27017] INFO  org.mongodb.driver.cluster - Discovered cluster type of STANDALONE
2017-10-20 17:33:24,781 [restartedMain] INFO  o.s.d.m.c.i.MongoPersistentEntityIndexResolver - Found cycle for field 'department' in type 'Employee' for path ''
2017-10-20 17:33:24,785 [restartedMain] INFO  o.s.d.m.c.i.MongoPersistentEntityIndexResolver - Found cycle for field 'department' in type 'Employee' for path ''
2017-10-20 17:33:24,788 [restartedMain] INFO  o.s.d.m.c.i.MongoPersistentEntityIndexResolver - Found cycle for field 'listOfEmployees' in type 'Department' for path 'department'
2017-10-20 17:33:24,791 [restartedMain] INFO  o.s.d.m.c.i.MongoPersistentEntityIndexResolver - Found cycle for field 'department' in type 'Employee' for path 'department.listOfEmployees'
2017-10-20 17:33:24,796 [restartedMain] INFO  o.s.d.m.c.i.MongoPersistentEntityIndexResolver - Found cycle for field 'listOfEmployees' in type 'Department' for path 'department'
2017-10-20 17:33:24,801 [restartedMain] INFO  o.s.d.m.c.i.MongoPersistentEntityIndexResolver - Found cycle for field 'listOfEmployee' in type 'Role' for path 'rolde'
2017-10-20 17:33:24,806 [restartedMain] INFO  o.s.d.m.c.i.MongoPersistentEntityIndexResolver - Found cycle for field 'department' in type 'Employee' for path 'listOfEmployee'
2017-10-20 17:33:24,808 [restartedMain] INFO  o.s.d.m.c.i.MongoPersistentEntityIndexResolver - Found cycle for field 'listOfEmployee' in type 'Role' for path ''
2017-10-20 17:33:24,811 [restartedMain] INFO  o.s.d.m.c.i.MongoPersistentEntityIndexResolver - Found cycle for field 'department' in type 'Employee' for path 'listOfEmployee'
2017-10-20 17:33:24,814 [restartedMain] INFO  o.s.d.m.c.i.MongoPersistentEntityIndexResolver - Found cycle for field 'department' in type 'Employee' for path 'listOfEmployee'
2017-10-20 17:33:24,817 [restartedMain] INFO  o.s.d.m.c.i.MongoPersistentEntityIndexResolver - Found cycle for field 'listOfEmployees' in type 'Department' for path ''
2017-10-20 17:33:24,820 [restartedMain] INFO  o.s.d.m.c.i.MongoPersistentEntityIndexResolver - Found cycle for field 'department' in type 'Employee' for path 'listOfEmployees'
2017-10-20 17:33:24,823 [restartedMain] INFO  o.s.d.m.c.i.MongoPersistentEntityIndexResolver - Found cycle for field 'department' in type 'Employee' for path 'listOfEmployees'
2017-10-20 17:33:24,826 [restartedMain] INFO  o.s.d.m.c.i.MongoPersistentEntityIndexResolver - Found cycle for field 'department' in type 'Employee' for path 'listOfEmployees'
2017-10-20 17:33:25,033 [restartedMain] INFO  com.allometry.org.MyRestController - ************ MyRestController created ************
2017-10-20 17:33:26,159 [restartedMain] INFO  o.s.w.s.m.m.a.RequestMappingHandlerAdapter - Looking for @ControllerAdvice: org.springframework.boot.context.embedded.AnnotationConfigEmbeddedWebApplicationContext@49939504: startup date [Fri Oct 20 17:33:18 IST 2017]; root of context hierarchy
2017-10-20 17:33:26,302 [restartedMain] INFO  o.s.w.s.m.m.a.RequestMappingHandlerMapping - Mapped "{[/api/register],methods=[POST]}" onto public com.allometry.org.model.User com.allometry.org.controller.LoginController.register(com.allometry.org.model.User)
2017-10-20 17:33:26,308 [restartedMain] INFO  o.s.w.s.m.m.a.RequestMappingHandlerMapping - Mapped "{[/api/adduser],methods=[POST],consumes=[application/json],produces=[application/json]}" onto public com.allometry.org.model.User com.allometry.org.controller.LoginController.addUser(com.allometry.org.model.User)
2017-10-20 17:33:26,312 [restartedMain] INFO  o.s.w.s.m.m.a.RequestMappingHandlerMapping - Mapped "{[/api/user/{id}],methods=[GET]}" onto public com.allometry.org.model.User com.allometry.org.controller.LoginController.getUserName(java.lang.String)
2017-10-20 17:33:26,317 [restartedMain] INFO  o.s.w.s.m.m.a.RequestMappingHandlerMapping - Mapped "{[/api/login],methods=[POST]}" onto public com.allometry.org.model.Authentication com.allometry.org.controller.LoginController.login(com.allometry.org.model.User)
2017-10-20 17:33:26,320 [restartedMain] INFO  o.s.w.s.m.m.a.RequestMappingHandlerMapping - Mapped "{[/api/users],methods=[GET]}" onto public java.util.List<com.allometry.org.model.User> com.allometry.org.controller.LoginController.alllogin()
2017-10-20 17:33:26,325 [restartedMain] INFO  o.s.w.s.m.m.a.RequestMappingHandlerMapping - Mapped "{[/api/user],methods=[GET]}" onto public com.allometry.org.model.User com.allometry.org.controller.LoginController.getUser()
2017-10-20 17:33:26,342 [restartedMain] INFO  o.s.w.s.m.m.a.RequestMappingHandlerMapping - Mapped "{[/api/questions],methods=[GET]}" onto public java.util.List<com.allometry.org.model.Question> com.allometry.org.MyRestController.addAllQuestions()
2017-10-20 17:33:26,345 [restartedMain] INFO  o.s.w.s.m.m.a.RequestMappingHandlerMapping - Mapped "{[/api/answer],methods=[POST]}" onto public void com.allometry.org.MyRestController.addAnswer(com.allometry.org.model.Answer)
2017-10-20 17:33:26,347 [restartedMain] INFO  o.s.w.s.m.m.a.RequestMappingHandlerMapping - Mapped "{[/api/comment],methods=[POST]}" onto public com.allometry.org.model.Comment com.allometry.org.MyRestController.addComment(com.allometry.org.model.Comment)
2017-10-20 17:33:26,350 [restartedMain] INFO  o.s.w.s.m.m.a.RequestMappingHandlerMapping - Mapped "{[/api/client/{str}],methods=[GET]}" onto public com.allometry.org.model.Client com.allometry.org.MyRestController.getClient(java.lang.String)
2017-10-20 17:33:26,354 [restartedMain] INFO  o.s.w.s.m.m.a.RequestMappingHandlerMapping - Mapped "{[/api/employies],methods=[GET]}" onto public java.util.List<com.allometry.org.model.Employee> com.allometry.org.MyRestController.addAllEmployees()
2017-10-20 17:33:26,359 [restartedMain] INFO  o.s.w.s.m.m.a.RequestMappingHandlerMapping - Mapped "{[/api/downvote/{que_id}],methods=[GET]}" onto public int com.allometry.org.MyRestController.getDownVote(java.lang.String)
2017-10-20 17:33:26,362 [restartedMain] INFO  o.s.w.s.m.m.a.RequestMappingHandlerMapping - Mapped "{[/api/domains],methods=[GET]}" onto public org.springframework.http.ResponseEntity<java.util.List<com.allometry.org.model.Domain>> com.allometry.org.MyRestController.getAallDomain()
2017-10-20 17:33:26,366 [restartedMain] INFO  o.s.w.s.m.m.a.RequestMappingHandlerMapping - Mapped "{[/api/project],methods=[POST]}" onto public void com.allometry.org.MyRestController.addProject(com.allometry.org.MyRestController$project2)
2017-10-20 17:33:26,374 [restartedMain] INFO  o.s.w.s.m.m.a.RequestMappingHandlerMapping - Mapped "{[/api/upvote/{que_id}],methods=[GET]}" onto public int com.allometry.org.MyRestController.getUpVote(java.lang.String)
2017-10-20 17:33:26,378 [restartedMain] INFO  o.s.w.s.m.m.a.RequestMappingHandlerMapping - Mapped "{[/api/answers/{que_id}],methods=[GET]}" onto public java.util.List<com.allometry.org.model.Answer> com.allometry.org.MyRestController.addAllAnswer(java.lang.String)
2017-10-20 17:33:26,384 [restartedMain] INFO  o.s.w.s.m.m.a.RequestMappingHandlerMapping - Mapped "{[/api/checkcastvote/{que_id}/{user_id}],methods=[GET]}" onto public boolean com.allometry.org.MyRestController.checkCastVote(java.lang.String,java.lang.String)
2017-10-20 17:33:26,391 [restartedMain] INFO  o.s.w.s.m.m.a.RequestMappingHandlerMapping - Mapped "{[/api/technology],methods=[POST]}" onto public com.allometry.org.model.Technology com.allometry.org.MyRestController.addTechnology(com.allometry.org.model.Technology)
2017-10-20 17:33:26,393 [restartedMain] INFO  o.s.w.s.m.m.a.RequestMappingHandlerMapping - Mapped "{[/api/projects],methods=[GET]}" onto public java.util.List<com.allometry.org.MyRestController$project2> com.allometry.org.MyRestController.addAllProjects()
2017-10-20 17:33:26,403 [restartedMain] INFO  o.s.w.s.m.m.a.RequestMappingHandlerMapping - Mapped "{[/api/clients],methods=[GET]}" onto public org.springframework.http.ResponseEntity<java.util.List<com.allometry.org.model.Client>> com.allometry.org.MyRestController.getAallClients()
2017-10-20 17:33:26,407 [restartedMain] INFO  o.s.w.s.m.m.a.RequestMappingHandlerMapping - Mapped "{[/api/question/{questionid}],methods=[GET]}" onto public org.springframework.http.ResponseEntity<com.allometry.org.model.Question> com.allometry.org.MyRestController.getQuestion(java.lang.String)
2017-10-20 17:33:26,411 [restartedMain] INFO  o.s.w.s.m.m.a.RequestMappingHandlerMapping - Mapped "{[/api/question],methods=[POST]}" onto public com.allometry.org.model.Question com.allometry.org.MyRestController.addQuestion(com.allometry.org.model.Question)
2017-10-20 17:33:26,415 [restartedMain] INFO  o.s.w.s.m.m.a.RequestMappingHandlerMapping - Mapped "{[/api/castvote],methods=[POST]}" onto public void com.allometry.org.MyRestController.castVote(com.allometry.org.model.Vote)
2017-10-20 17:33:26,418 [restartedMain] INFO  o.s.w.s.m.m.a.RequestMappingHandlerMapping - Mapped "{[/api/domain],methods=[POST]}" onto public void com.allometry.org.MyRestController.getASA(com.allometry.org.model.Domain)
2017-10-20 17:33:26,423 [restartedMain] INFO  o.s.w.s.m.m.a.RequestMappingHandlerMapping - Mapped "{[/api/employee],methods=[GET]}" onto public org.springframework.http.ResponseEntity<java.util.List<com.allometry.org.model.Employee>> com.allometry.org.MyRestController.myEmpl()
2017-10-20 17:33:26,428 [restartedMain] INFO  o.s.w.s.m.m.a.RequestMappingHandlerMapping - Mapped "{[/api/client],methods=[POST]}" onto public void com.allometry.org.MyRestController.addClient(com.allometry.org.model.Client)
2017-10-20 17:33:26,432 [restartedMain] INFO  o.s.w.s.m.m.a.RequestMappingHandlerMapping - Mapped "{[/api/employee],methods=[POST]}" onto public void com.allometry.org.MyRestController.addClient(com.allometry.org.model.Employee)
2017-10-20 17:33:26,438 [restartedMain] INFO  o.s.w.s.m.m.a.RequestMappingHandlerMapping - Mapped "{[/api/comments/{que_id}],methods=[GET]}" onto public java.util.List<com.allometry.org.model.Comment> com.allometry.org.MyRestController.getAllCOmmentsByQueId(java.lang.String)
2017-10-20 17:33:26,442 [restartedMain] INFO  o.s.w.s.m.m.a.RequestMappingHandlerMapping - Mapped "{[/api/technologies],methods=[GET]}" onto public java.util.List<com.allometry.org.model.Technology> com.allometry.org.MyRestController.addAllTechnologies()
2017-10-20 17:33:26,455 [restartedMain] INFO  o.s.w.s.m.m.a.RequestMappingHandlerMapping - Mapped "{[/error]}" onto public org.springframework.http.ResponseEntity<java.util.Map<java.lang.String, java.lang.Object>> org.springframework.boot.autoconfigure.web.BasicErrorController.error(javax.servlet.http.HttpServletRequest)
2017-10-20 17:33:26,458 [restartedMain] INFO  o.s.w.s.m.m.a.RequestMappingHandlerMapping - Mapped "{[/error],produces=[text/html]}" onto public org.springframework.web.servlet.ModelAndView org.springframework.boot.autoconfigure.web.BasicErrorController.errorHtml(javax.servlet.http.HttpServletRequest,javax.servlet.http.HttpServletResponse)
2017-10-20 17:33:26,544 [restartedMain] INFO  o.s.w.s.h.SimpleUrlHandlerMapping - Mapped URL path [/webjars/**] onto handler of type [class org.springframework.web.servlet.resource.ResourceHttpRequestHandler]
2017-10-20 17:33:26,545 [restartedMain] INFO  o.s.w.s.h.SimpleUrlHandlerMapping - Mapped URL path [/**] onto handler of type [class org.springframework.web.servlet.resource.ResourceHttpRequestHandler]
2017-10-20 17:33:26,632 [restartedMain] INFO  o.s.w.s.h.SimpleUrlHandlerMapping - Mapped URL path [/**/favicon.ico] onto handler of type [class org.springframework.web.servlet.resource.ResourceHttpRequestHandler]
2017-10-20 17:33:26,955 [restartedMain] INFO  o.s.b.d.a.OptionalLiveReloadServer - LiveReload server is running on port 35729
2017-10-20 17:33:27,030 [restartedMain] INFO  o.s.j.e.a.AnnotationMBeanExporter - Registering beans for JMX exposure on startup
2017-10-20 17:33:27,056 [restartedMain] INFO  o.a.coyote.http11.Http11NioProtocol - Initializing ProtocolHandler ["http-nio-9091"]
2017-10-20 17:33:27,083 [restartedMain] INFO  o.a.coyote.http11.Http11NioProtocol - Starting ProtocolHandler ["http-nio-9091"]
2017-10-20 17:33:27,116 [restartedMain] INFO  o.a.tomcat.util.net.NioSelectorPool - Using a shared selector for servlet write/read
2017-10-20 17:33:27,156 [restartedMain] INFO  o.s.b.c.e.t.TomcatEmbeddedServletContainer - Tomcat started on port(s): 9091 (http)
2017-10-20 17:33:27,165 [restartedMain] INFO  com.allometry.CondoralmApplication - Started CondoralmApplication in 8.898 seconds (JVM running for 9.758)
2017-10-21 21:37:57,567 [http-nio-9091-exec-4] INFO  o.a.c.c.C.[Tomcat].[localhost].[/] - Initializing Spring FrameworkServlet 'dispatcherServlet'
2017-10-21 21:37:57,572 [http-nio-9091-exec-4] INFO  o.s.web.servlet.DispatcherServlet - FrameworkServlet 'dispatcherServlet': initialization started
2017-10-21 21:37:57,695 [http-nio-9091-exec-4] INFO  o.s.web.servlet.DispatcherServlet - FrameworkServlet 'dispatcherServlet': initialization completed in 119 ms
2017-10-21 21:37:58,412 [http-nio-9091-exec-10] INFO  org.mongodb.driver.connection - Opened connection [connectionId{localValue:2, serverValue:10}] to localhost:27017
2017-10-21 21:37:59,135 [http-nio-9091-exec-6] INFO  org.mongodb.driver.connection - Opened connection [connectionId{localValue:3, serverValue:11}] to localhost:27017
2017-10-21 21:37:59,235 [http-nio-9091-exec-7] INFO  org.mongodb.driver.connection - Opened connection [connectionId{localValue:4, serverValue:12}] to localhost:27017
2017-10-21 22:12:40,993 [http-nio-9091-exec-8] INFO  org.mongodb.driver.connection - Opened connection [connectionId{localValue:5, serverValue:13}] to localhost:27017
2017-10-22 12:31:56,300 [http-nio-9091-exec-3] INFO  org.mongodb.driver.connection - Opened connection [connectionId{localValue:6, serverValue:14}] to localhost:27017
